Using pre-set license
Built from '2021.3/staging' branch; Version is '2021.3.11f1 (0a5ca18544bf) revision 679073'; Using compiler version '192829333'; Build Type 'Release'
OS: 'Windows 11  (10.0.22621) 64bit CoreSingleLanguage' Language: 'tr' Physical Memory: 6020 MB
BatchMode: 1, IsHumanControllingUs: 0, StartBugReporterOnCrash: 0, Is64bit: 1, IsPro: 1

COMMAND LINE ARGUMENTS:
C:\Program Files\Unity\Hub\Editor\2021.3.11f1\Editor\Unity.exe
-adb2
-batchMode
-noUpm
-name
AssetImportWorker0
-projectPath
C:/Users/Tuluğhan GÜNEŞ/Downloads/Alp-main/PONG-main/Pongg
-logFile
Logs/AssetImportWorker0.log
-srvPort
52436
Successfully changed project path to: C:/Users/Tuluğhan GÜNEŞ/Downloads/Alp-main/PONG-main/Pongg
C:/Users/Tuluğhan GÜNEŞ/Downloads/Alp-main/PONG-main/Pongg
[UnityMemory] Configuration Parameters - Can be set up in boot.config
    "memorysetup-bucket-allocator-granularity=16"
    "memorysetup-bucket-allocator-bucket-count=8"
    "memorysetup-bucket-allocator-block-size=33554432"
    "memorysetup-bucket-allocator-block-count=8"
    "memorysetup-main-allocator-block-size=16777216"
    "memorysetup-thread-allocator-block-size=16777216"
    "memorysetup-gfx-main-allocator-block-size=16777216"
    "memorysetup-gfx-thread-allocator-block-size=16777216"
    "memorysetup-cache-allocator-block-size=4194304"
    "memorysetup-typetree-allocator-block-size=2097152"
    "memorysetup-profiler-bucket-allocator-granularity=16"
    "memorysetup-profiler-bucket-allocator-bucket-count=8"
    "memorysetup-profiler-bucket-allocator-block-size=33554432"
    "memorysetup-profiler-bucket-allocator-block-count=8"
    "memorysetup-profiler-allocator-block-size=16777216"
    "memorysetup-profiler-editor-allocator-block-size=1048576"
    "memorysetup-temp-allocator-size-main=16777216"
    "memorysetup-job-temp-allocator-block-size=2097152"
    "memorysetup-job-temp-allocator-block-size-background=1048576"
    "memorysetup-job-temp-allocator-reduction-small-platforms=262144"
    "memorysetup-temp-allocator-size-background-worker=32768"
    "memorysetup-temp-allocator-size-job-worker=262144"
    "memorysetup-temp-allocator-size-preload-manager=33554432"
    "memorysetup-temp-allocator-size-nav-mesh-worker=65536"
    "memorysetup-temp-allocator-size-audio-worker=65536"
    "memorysetup-temp-allocator-size-cloud-worker=32768"
    "memorysetup-temp-allocator-size-gi-baking-worker=262144"
    "memorysetup-temp-allocator-size-gfx=262144"
Refreshing native plugins compatible for Editor in 331.23 ms, found 4 plugins.
Preloading 0 native plugins for Editor in 0.00 ms.
Initialize engine version: 2021.3.11f1 (0a5ca18544bf)
[Subsystems] Discovering subsystems at path C:/Program Files/Unity/Hub/Editor/2021.3.11f1/Editor/Data/Resources/UnitySubsystems
[Subsystems] Discovering subsystems at path C:/Users/Tuluğhan GÜNEŞ/Downloads/Alp-main/PONG-main/Pongg/Assets
GfxDevice: creating device client; threaded=0; jobified=0
Direct3D:
    Version:  Direct3D 11.0 [level 11.1]
    Renderer: AMD Radeon(TM) Graphics (ID=0x15d8)
    Vendor:   ATI
    VRAM:     3010 MB
    Driver:   27.20.15026.8004
Initialize mono
Mono path[0] = 'C:/Program Files/Unity/Hub/Editor/2021.3.11f1/Editor/Data/Managed'
Mono path[1] = 'C:/Program Files/Unity/Hub/Editor/2021.3.11f1/Editor/Data/MonoBleedingEdge/lib/mono/unityjit-win32'
Mono config path = 'C:/Program Files/Unity/Hub/Editor/2021.3.11f1/Editor/Data/MonoBleedingEdge/etc'
Using monoOptions --debugger-agent=transport=dt_socket,embedding=1,server=y,suspend=n,address=127.0.0.1:56896
Begin MonoManager ReloadAssembly
Registering precompiled unity dll's ...
Register platform support module: C:/Program Files/Unity/Hub/Editor/2021.3.11f1/Editor/Data/PlaybackEngines/WindowsStandaloneSupport/UnityEditor.WindowsStandalone.Extensions.dll
Registered in 0.017800 seconds.
Native extension for WindowsStandalone target not found
Refreshing native plugins compatible for Editor in 542.31 ms, found 4 plugins.
Preloading 0 native plugins for Editor in 0.00 ms.
Mono: successfully reloaded assembly
- Completed reload, in  7.362 seconds
Domain Reload Profiling:
	ReloadAssembly (7364ms)
		BeginReloadAssembly (2324ms)
			ExecutionOrderSort (0ms)
			DisableScriptedObjects (0ms)
			BackupInstance (0ms)
			ReleaseScriptingObjects (0ms)
			CreateAndSetChildDomain (2ms)
		EndReloadAssembly (4180ms)
			LoadAssemblies (1968ms)
			RebuildTransferFunctionScriptingTraits (0ms)
			SetupTypeCache (1701ms)
			ReleaseScriptCaches (0ms)
			RebuildScriptCaches (592ms)
			SetupLoadedEditorAssemblies (1659ms)
				LogAssemblyErrors (0ms)
				InitializePlatformSupportModulesInManaged (298ms)
				SetLoadedEditorAssemblies (0ms)
				RefreshPlugins (543ms)
				BeforeProcessingInitializeOnLoad (16ms)
				ProcessInitializeOnLoadAttributes (628ms)
				ProcessInitializeOnLoadMethodAttributes (173ms)
				AfterProcessingInitializeOnLoad (0ms)
				EditorAssembliesLoaded (0ms)
			ExecutionOrderSort2 (0ms)
			AwakeInstancesAfterBackupRestoration (0ms)
Platform modules already initialized, skipping
Registering precompiled user dll's ...
Registered in 0.025190 seconds.
Begin MonoManager ReloadAssembly
Symbol file LoadedFromMemory doesn't match image C:\Users\Tuluğhan GÜNEŞ\Downloads\Alp-main\PONG-main\Pongg\Library\PackageCache\com.unity.visualscripting@1.7.8\Editor\VisualScripting.Core\Dependencies\YamlDotNet\Unity.VisualScripting.YamlDotNet.dll
Symbol file LoadedFromMemory doesn't match image C:\Users\Tuluğhan GÜNEŞ\Downloads\Alp-main\PONG-main\Pongg\Library\PackageCache\com.unity.visualscripting@1.7.8\Editor\VisualScripting.Core\Dependencies\DotNetZip\Unity.VisualScripting.IonicZip.dll
Native extension for WindowsStandalone target not found
Refreshing native plugins compatible for Editor in 739.13 ms, found 4 plugins.
Preloading 0 native plugins for Editor in 0.00 ms.
Mono: successfully reloaded assembly
- Completed reload, in  9.833 seconds
Domain Reload Profiling:
	ReloadAssembly (9838ms)
		BeginReloadAssembly (571ms)
			ExecutionOrderSort (0ms)
			DisableScriptedObjects (31ms)
			BackupInstance (0ms)
			ReleaseScriptingObjects (0ms)
			CreateAndSetChildDomain (118ms)
		EndReloadAssembly (5850ms)
			LoadAssemblies (1082ms)
			RebuildTransferFunctionScriptingTraits (0ms)
			SetupTypeCache (1582ms)
			ReleaseScriptCaches (2ms)
			RebuildScriptCaches (239ms)
			SetupLoadedEditorAssemblies (2723ms)
				LogAssemblyErrors (0ms)
				InitializePlatformSupportModulesInManaged (47ms)
				SetLoadedEditorAssemblies (1ms)
				RefreshPlugins (739ms)
				BeforeProcessingInitializeOnLoad (334ms)
				ProcessInitializeOnLoadAttributes (1343ms)
				ProcessInitializeOnLoadMethodAttributes (221ms)
				AfterProcessingInitializeOnLoad (38ms)
				EditorAssembliesLoaded (0ms)
			ExecutionOrderSort2 (0ms)
			AwakeInstancesAfterBackupRestoration (23ms)
Platform modules already initialized, skipping
========================================================================
Worker process is ready to serve import requests
Launched and connected shader compiler UnityShaderCompiler.exe after 1.75 seconds
Refreshing native plugins compatible for Editor in 1.82 ms, found 4 plugins.
Preloading 0 native plugins for Editor in 0.00 ms.
Unloading 4100 Unused Serialized files (Serialized files now loaded: 0)
Unloading 38 unused Assets / (56.1 KB). Loaded Objects now: 4556.
Memory consumption went from 154.1 MB to 154.0 MB.
Total: 25.967300 ms (FindLiveObjects: 1.795800 ms CreateObjectMapping: 2.840700 ms MarkObjects: 21.104900 ms  DeleteObjects: 0.197700 ms)

AssetImportParameters requested are different than current active one (requested -> active):
  custom:video-decoder-ogg-theora: a1e56fd34408186e4bbccfd4996cb3dc -> 
  custom:container-muxer-webm: aa71ff27fc2769a1b78a27578f13a17b -> 
  custom:container-demuxer-webm: 4f35f7cbe854078d1ac9338744f61a02 -> 
  custom:video-encoder-webm-vp8: eb34c28f22e8b96e1ab97ce403110664 -> 
  custom:audio-encoder-webm-vorbis: bf7c407c2cedff20999df2af8eb42d56 -> 
  custom:framework-win-MediaFoundation: 216162199b28c13a410421893ffa2e32 -> 
  custom:container-demuxer-ogg: 62fdf1f143b41e24485cea50d1cbac27 -> 
  custom:video-decoder-webm-vp8: 9c59270c3fd7afecdb556c50c9e8de78 -> 
  custom:audio-decoder-ogg-vorbis: bf7c407c2cedff20999df2af8eb42d56 -> 
========================================================================
Received Import Request.
  Time since last request: 270207.706473 seconds.
  path: Assets/Scripts
  artifactKey: Guid(1a1104b6806436d459167383965d0524) Importer(815301076,1909f56bfc062723c751e8b465ee728b)
Start importing Assets/Scripts using Guid(1a1104b6806436d459167383965d0524) Importer(815301076,1909f56bfc062723c751e8b465ee728b)  -> (artifact id: '5b29143978fe48bcbff5211709bd3dd6') in 0.038782 seconds 
========================================================================
Received Import Request.
  Time since last request: 0.000038 seconds.
  path: Assets/Scenes
  artifactKey: Guid(131a6b21c8605f84396be9f6751fb6e3) Importer(815301076,1909f56bfc062723c751e8b465ee728b)
Start importing Assets/Scenes using Guid(131a6b21c8605f84396be9f6751fb6e3) Importer(815301076,1909f56bfc062723c751e8b465ee728b)  -> (artifact id: '2c23e514d24f6b65fe96946cd87fc526') in 0.013098 seconds 
========================================================================
Received Import Request.
  Time since last request: 0.000039 seconds.
  path: Assets/Scripts/with sound
  artifactKey: Guid(932b406e3d3ff3644b9b634908c226c7) Importer(815301076,1909f56bfc062723c751e8b465ee728b)
Start importing Assets/Scripts/with sound using Guid(932b406e3d3ff3644b9b634908c226c7) Importer(815301076,1909f56bfc062723c751e8b465ee728b)  -> (artifact id: '99c63f80da721b3702f848cce70f50ae') in 0.015273 seconds 
========================================================================
Received Import Request.
  Time since last request: 0.000039 seconds.
  path: Assets/Scenes/SampleScene.unity
  artifactKey: Guid(2cda990e2423bbf4892e6590ba056729) Importer(815301076,1909f56bfc062723c751e8b465ee728b)
Start importing Assets/Scenes/SampleScene.unity using Guid(2cda990e2423bbf4892e6590ba056729) Importer(815301076,1909f56bfc062723c751e8b465ee728b)  -> (artifact id: '689955bfc0491bb371592c1b946b1995') in 0.016468 seconds 
========================================================================
Received Import Request.
  Time since last request: 0.000047 seconds.
  path: Assets/Scenes/New Scene.unity
  artifactKey: Guid(01338fa9c5a81e644be79063171d2002) Importer(815301076,1909f56bfc062723c751e8b465ee728b)
Start importing Assets/Scenes/New Scene.unity using Guid(01338fa9c5a81e644be79063171d2002) Importer(815301076,1909f56bfc062723c751e8b465ee728b)  -> (artifact id: '75346309a088134dd971536570114c9b') in 0.033223 seconds 
========================================================================
Received Import Request.
  Time since last request: 96.963551 seconds.
  path: Assets/pong/efekan/arkaplan.jpg
  artifactKey: Guid(2049e3df3670d904e88a5f42bc72b24c) Importer(815301076,1909f56bfc062723c751e8b465ee728b)
Start importing Assets/pong/efekan/arkaplan.jpg using Guid(2049e3df3670d904e88a5f42bc72b24c) Importer(815301076,1909f56bfc062723c751e8b465ee728b)  -> (artifact id: '32494f985cd9ce1451b33dddc2d58c38') in 1.725759 seconds 
========================================================================
Received Import Request.
  Time since last request: 0.000200 seconds.
  path: Assets/pong/efekan/oyun giriş ekranı.png
  artifactKey: Guid(50cd0df209c36da49a1c86b327d96684) Importer(815301076,1909f56bfc062723c751e8b465ee728b)
Start importing Assets/pong/efekan/oyun giriş ekranı.png using Guid(50cd0df209c36da49a1c86b327d96684) Importer(815301076,1909f56bfc062723c751e8b465ee728b)  -> (artifact id: '6a8e430c1dd21c9a9a44612ea47981c6') in 0.369629 seconds 
========================================================================
Received Import Request.
  Time since last request: 3.767013 seconds.
  path: Assets/pong/efekan/sliders/slider 1-export.png
  artifactKey: Guid(e136a609605559e40a63a68b2e7d0d4b) Importer(815301076,1909f56bfc062723c751e8b465ee728b)
Start importing Assets/pong/efekan/sliders/slider 1-export.png using Guid(e136a609605559e40a63a68b2e7d0d4b) Importer(815301076,1909f56bfc062723c751e8b465ee728b)  -> (artifact id: 'ce6739be2ac05fda3dd3a400835b58e3') in 0.237930 seconds 
========================================================================
Received Import Request.
  Time since last request: 0.000491 seconds.
  path: Assets/pong/efekan/sliders/slider 2.png
  artifactKey: Guid(017da4fb21bffbd40bd2bd00cf1939e3) Importer(815301076,1909f56bfc062723c751e8b465ee728b)
Start importing Assets/pong/efekan/sliders/slider 2.png using Guid(017da4fb21bffbd40bd2bd00cf1939e3) Importer(815301076,1909f56bfc062723c751e8b465ee728b)  -> (artifact id: '5efa6e9050009269e3fc82a403efafe8') in 0.041003 seconds 
========================================================================
Received Import Request.
  Time since last request: 0.006205 seconds.
  path: Assets/pong/efekan/sliders/slider 3-export.png
  artifactKey: Guid(a338e68954f86b04daef06f7dfbd719b) Importer(815301076,1909f56bfc062723c751e8b465ee728b)
Start importing Assets/pong/efekan/sliders/slider 3-export.png using Guid(a338e68954f86b04daef06f7dfbd719b) Importer(815301076,1909f56bfc062723c751e8b465ee728b)  -> (artifact id: '24f97f6d7e42688d6a01494fd2b84b79') in 0.274256 seconds 
========================================================================
Received Import Request.
  Time since last request: 0.000045 seconds.
  path: Assets/pong/efekan/sliders/slider 1.png
  artifactKey: Guid(726f64c7178217f47933dae1fdde1f8e) Importer(815301076,1909f56bfc062723c751e8b465ee728b)
Start importing Assets/pong/efekan/sliders/slider 1.png using Guid(726f64c7178217f47933dae1fdde1f8e) Importer(815301076,1909f56bfc062723c751e8b465ee728b)  -> (artifact id: 'b110dff0cb109228f35a9c2ed503f15e') in 0.336724 seconds 
Editor requested this worker to shutdown with reason: Scaling down because of idle timeout
AssetImportWorker is now disconnected from the server
Process exiting
Exiting without the bug reporter. Application will terminate with return code 0