Using pre-set license
Built from '2021.3/staging' branch; Version is '2021.3.11f1 (0a5ca18544bf) revision 679073'; Using compiler version '192829333'; Build Type 'Release'
OS: 'Windows 11  (10.0.22621) 64bit CoreSingleLanguage' Language: 'tr' Physical Memory: 6020 MB
BatchMode: 1, IsHumanControllingUs: 0, StartBugReporterOnCrash: 0, Is64bit: 1, IsPro: 1

COMMAND LINE ARGUMENTS:
C:\Program Files\Unity\Hub\Editor\2021.3.11f1\Editor\Unity.exe
-adb2
-batchMode
-noUpm
-name
AssetImportWorker2
-projectPath
C:/Users/Tuluğhan GÜNEŞ/Downloads/Alp-main/PONG-main/Pongg
-logFile
Logs/AssetImportWorker2.log
-srvPort
52436
Successfully changed project path to: C:/Users/Tuluğhan GÜNEŞ/Downloads/Alp-main/PONG-main/Pongg
C:/Users/Tuluğhan GÜNEŞ/Downloads/Alp-main/PONG-main/Pongg
[UnityMemory] Configuration Parameters - Can be set up in boot.config
    "memorysetup-bucket-allocator-granularity=16"
    "memorysetup-bucket-allocator-bucket-count=8"
    "memorysetup-bucket-allocator-block-size=33554432"
    "memorysetup-bucket-allocator-block-count=8"
    "memorysetup-main-allocator-block-size=16777216"
    "memorysetup-thread-allocator-block-size=16777216"
    "memorysetup-gfx-main-allocator-block-size=16777216"
    "memorysetup-gfx-thread-allocator-block-size=16777216"
    "memorysetup-cache-allocator-block-size=4194304"
    "memorysetup-typetree-allocator-block-size=2097152"
    "memorysetup-profiler-bucket-allocator-granularity=16"
    "memorysetup-profiler-bucket-allocator-bucket-count=8"
    "memorysetup-profiler-bucket-allocator-block-size=33554432"
    "memorysetup-profiler-bucket-allocator-block-count=8"
    "memorysetup-profiler-allocator-block-size=16777216"
    "memorysetup-profiler-editor-allocator-block-size=1048576"
    "memorysetup-temp-allocator-size-main=16777216"
    "memorysetup-job-temp-allocator-block-size=2097152"
    "memorysetup-job-temp-allocator-block-size-background=1048576"
    "memorysetup-job-temp-allocator-reduction-small-platforms=262144"
    "memorysetup-temp-allocator-size-background-worker=32768"
    "memorysetup-temp-allocator-size-job-worker=262144"
    "memorysetup-temp-allocator-size-preload-manager=33554432"
    "memorysetup-temp-allocator-size-nav-mesh-worker=65536"
    "memorysetup-temp-allocator-size-audio-worker=65536"
    "memorysetup-temp-allocator-size-cloud-worker=32768"
    "memorysetup-temp-allocator-size-gi-baking-worker=262144"
    "memorysetup-temp-allocator-size-gfx=262144"
Refreshing native plugins compatible for Editor in 845.35 ms, found 4 plugins.
Preloading 0 native plugins for Editor in 0.00 ms.
Initialize engine version: 2021.3.11f1 (0a5ca18544bf)
[Subsystems] Discovering subsystems at path C:/Program Files/Unity/Hub/Editor/2021.3.11f1/Editor/Data/Resources/UnitySubsystems
[Subsystems] Discovering subsystems at path C:/Users/Tuluğhan GÜNEŞ/Downloads/Alp-main/PONG-main/Pongg/Assets
GfxDevice: creating device client; threaded=0; jobified=0
Direct3D:
    Version:  Direct3D 11.0 [level 11.1]
    Renderer: AMD Radeon(TM) Graphics (ID=0x15d8)
    Vendor:   ATI
    VRAM:     3010 MB
    Driver:   27.20.15026.8004
Initialize mono
Mono path[0] = 'C:/Program Files/Unity/Hub/Editor/2021.3.11f1/Editor/Data/Managed'
Mono path[1] = 'C:/Program Files/Unity/Hub/Editor/2021.3.11f1/Editor/Data/MonoBleedingEdge/lib/mono/unityjit-win32'
Mono config path = 'C:/Program Files/Unity/Hub/Editor/2021.3.11f1/Editor/Data/MonoBleedingEdge/etc'
Using monoOptions --debugger-agent=transport=dt_socket,embedding=1,server=y,suspend=n,address=127.0.0.1:56252
Begin MonoManager ReloadAssembly
Registering precompiled unity dll's ...
Register platform support module: C:/Program Files/Unity/Hub/Editor/2021.3.11f1/Editor/Data/PlaybackEngines/WindowsStandaloneSupport/UnityEditor.WindowsStandalone.Extensions.dll
Registered in 0.033678 seconds.
Native extension for WindowsStandalone target not found
Refreshing native plugins compatible for Editor in 644.01 ms, found 4 plugins.
Preloading 0 native plugins for Editor in 0.00 ms.
Mono: successfully reloaded assembly
- Completed reload, in  7.218 seconds
Domain Reload Profiling:
	ReloadAssembly (7219ms)
		BeginReloadAssembly (2005ms)
			ExecutionOrderSort (0ms)
			DisableScriptedObjects (0ms)
			BackupInstance (0ms)
			ReleaseScriptingObjects (0ms)
			CreateAndSetChildDomain (2ms)
		EndReloadAssembly (2915ms)
			LoadAssemblies (1997ms)
			RebuildTransferFunctionScriptingTraits (0ms)
			SetupTypeCache (731ms)
			ReleaseScriptCaches (0ms)
			RebuildScriptCaches (106ms)
			SetupLoadedEditorAssemblies (1871ms)
				LogAssemblyErrors (0ms)
				InitializePlatformSupportModulesInManaged (25ms)
				SetLoadedEditorAssemblies (0ms)
				RefreshPlugins (644ms)
				BeforeProcessingInitializeOnLoad (4ms)
				ProcessInitializeOnLoadAttributes (930ms)
				ProcessInitializeOnLoadMethodAttributes (266ms)
				AfterProcessingInitializeOnLoad (0ms)
				EditorAssembliesLoaded (0ms)
			ExecutionOrderSort2 (0ms)
			AwakeInstancesAfterBackupRestoration (0ms)
Platform modules already initialized, skipping
Registering precompiled user dll's ...
Registered in 0.025283 seconds.
Begin MonoManager ReloadAssembly
Symbol file LoadedFromMemory doesn't match image C:\Users\Tuluğhan GÜNEŞ\Downloads\Alp-main\PONG-main\Pongg\Library\PackageCache\com.unity.visualscripting@1.7.8\Editor\VisualScripting.Core\Dependencies\YamlDotNet\Unity.VisualScripting.YamlDotNet.dll
Symbol file LoadedFromMemory doesn't match image C:\Users\Tuluğhan GÜNEŞ\Downloads\Alp-main\PONG-main\Pongg\Library\PackageCache\com.unity.visualscripting@1.7.8\Editor\VisualScripting.Core\Dependencies\DotNetZip\Unity.VisualScripting.IonicZip.dll
Native extension for WindowsStandalone target not found
Refreshing native plugins compatible for Editor in 313.95 ms, found 4 plugins.
Preloading 0 native plugins for Editor in 0.00 ms.
Mono: successfully reloaded assembly
- Completed reload, in  3.874 seconds
Domain Reload Profiling:
	ReloadAssembly (3878ms)
		BeginReloadAssembly (425ms)
			ExecutionOrderSort (0ms)
			DisableScriptedObjects (14ms)
			BackupInstance (0ms)
			ReleaseScriptingObjects (0ms)
			CreateAndSetChildDomain (77ms)
		EndReloadAssembly (3156ms)
			LoadAssemblies (331ms)
			RebuildTransferFunctionScriptingTraits (0ms)
			SetupTypeCache (813ms)
			ReleaseScriptCaches (1ms)
			RebuildScriptCaches (108ms)
			SetupLoadedEditorAssemblies (1911ms)
				LogAssemblyErrors (0ms)
				InitializePlatformSupportModulesInManaged (6ms)
				SetLoadedEditorAssemblies (0ms)
				RefreshPlugins (314ms)
				BeforeProcessingInitializeOnLoad (411ms)
				ProcessInitializeOnLoadAttributes (1071ms)
				ProcessInitializeOnLoadMethodAttributes (92ms)
				AfterProcessingInitializeOnLoad (15ms)
				EditorAssembliesLoaded (0ms)
			ExecutionOrderSort2 (0ms)
			AwakeInstancesAfterBackupRestoration (12ms)
Platform modules already initialized, skipping
========================================================================
Worker process is ready to serve import requests
Launched and connected shader compiler UnityShaderCompiler.exe after 0.40 seconds
Refreshing native plugins compatible for Editor in 6.53 ms, found 4 plugins.
Preloading 0 native plugins for Editor in 0.00 ms.
Unloading 4100 Unused Serialized files (Serialized files now loaded: 0)
Unloading 38 unused Assets / (56.1 KB). Loaded Objects now: 4557.
Memory consumption went from 154.1 MB to 154.1 MB.
Total: 8.756700 ms (FindLiveObjects: 0.789200 ms CreateObjectMapping: 1.393500 ms MarkObjects: 6.422400 ms  DeleteObjects: 0.149400 ms)

AssetImportParameters requested are different than current active one (requested -> active):
  custom:video-decoder-ogg-theora: a1e56fd34408186e4bbccfd4996cb3dc -> 
  custom:container-muxer-webm: aa71ff27fc2769a1b78a27578f13a17b -> 
  custom:container-demuxer-webm: 4f35f7cbe854078d1ac9338744f61a02 -> 
  custom:video-encoder-webm-vp8: eb34c28f22e8b96e1ab97ce403110664 -> 
  custom:audio-encoder-webm-vorbis: bf7c407c2cedff20999df2af8eb42d56 -> 
  custom:framework-win-MediaFoundation: 216162199b28c13a410421893ffa2e32 -> 
  custom:container-demuxer-ogg: 62fdf1f143b41e24485cea50d1cbac27 -> 
  custom:video-decoder-webm-vp8: 9c59270c3fd7afecdb556c50c9e8de78 -> 
  custom:audio-decoder-ogg-vorbis: bf7c407c2cedff20999df2af8eb42d56 -> 
========================================================================
Received Import Request.
  Time since last request: 270303.630863 seconds.
  path: Assets/pong
  artifactKey: Guid(d6c0473834a495b49bd2cf04631af52a) Importer(815301076,1909f56bfc062723c751e8b465ee728b)
Start importing Assets/pong using Guid(d6c0473834a495b49bd2cf04631af52a) Importer(815301076,1909f56bfc062723c751e8b465ee728b)  -> (artifact id: 'b54cdad854917454f601ad423908c5a4') in 0.032380 seconds 
========================================================================
Received Import Request.
  Time since last request: 0.594653 seconds.
  path: Assets/pong/göksu
  artifactKey: Guid(3c77c7446c7e4b54a96a0eeb71fbf621) Importer(815301076,1909f56bfc062723c751e8b465ee728b)
Start importing Assets/pong/göksu using Guid(3c77c7446c7e4b54a96a0eeb71fbf621) Importer(815301076,1909f56bfc062723c751e8b465ee728b)  -> (artifact id: '74287440d83128ee155dd6f6393161cb') in 0.015734 seconds 
========================================================================
Received Import Request.
  Time since last request: 0.410917 seconds.
  path: Assets/pong/efekan
  artifactKey: Guid(51d95acaf6038d94098fffc76c480dd8) Importer(815301076,1909f56bfc062723c751e8b465ee728b)
Start importing Assets/pong/efekan using Guid(51d95acaf6038d94098fffc76c480dd8) Importer(815301076,1909f56bfc062723c751e8b465ee728b)  -> (artifact id: '55810a1e9920d822db3118cd63ad238b') in 0.043969 seconds 
========================================================================
Received Import Request.
  Time since last request: 0.054675 seconds.
  path: Assets/pong/efekan/arka plan müziği.wav
  artifactKey: Guid(c7b10c81e103d2140b58628b36276fca) Importer(815301076,1909f56bfc062723c751e8b465ee728b)
Start importing Assets/pong/efekan/arka plan müziği.wav using Guid(c7b10c81e103d2140b58628b36276fca) Importer(815301076,1909f56bfc062723c751e8b465ee728b)  -> (artifact id: '4ddca898c72fd44191575302021a9560') in 1.145291 seconds 
========================================================================
Received Import Request.
  Time since last request: 0.000043 seconds.
  path: Assets/pong/efekan/çizgii.png
  artifactKey: Guid(cb420b2f03b2e594e8bf69f7f19f4662) Importer(815301076,1909f56bfc062723c751e8b465ee728b)
Start importing Assets/pong/efekan/çizgii.png using Guid(cb420b2f03b2e594e8bf69f7f19f4662) Importer(815301076,1909f56bfc062723c751e8b465ee728b)  -> (artifact id: 'eb257e2aa7d1d736b66a982d5272afa2') in 0.200867 seconds 
========================================================================
Received Import Request.
  Time since last request: 0.021347 seconds.
  path: Assets/pong/efekan/çarpma sesi.wav
  artifactKey: Guid(cbc9aece455fdc1418b34b15d53c4967) Importer(815301076,1909f56bfc062723c751e8b465ee728b)
Start importing Assets/pong/efekan/çarpma sesi.wav using Guid(cbc9aece455fdc1418b34b15d53c4967) Importer(815301076,1909f56bfc062723c751e8b465ee728b)  -> (artifact id: 'cd629d0a389172611af2c9cec3457220') in 0.178662 seconds 
========================================================================
Received Import Request.
  Time since last request: 0.001548 seconds.
  path: Assets/pong/efekan/puan sesi.wav
  artifactKey: Guid(94a3bfea0244d304685ef275a16c2d6f) Importer(815301076,1909f56bfc062723c751e8b465ee728b)
Start importing Assets/pong/efekan/puan sesi.wav using Guid(94a3bfea0244d304685ef275a16c2d6f) Importer(815301076,1909f56bfc062723c751e8b465ee728b)  -> (artifact id: 'be62f01f5ca925f6ae55629e64f32f5d') in 0.144076 seconds 
========================================================================
Received Import Request.
  Time since last request: 0.000482 seconds.
  path: Assets/pong/efekan/top.png
  artifactKey: Guid(041633d0154cfed47a833d61b9b89b4f) Importer(815301076,1909f56bfc062723c751e8b465ee728b)
Start importing Assets/pong/efekan/top.png using Guid(041633d0154cfed47a833d61b9b89b4f) Importer(815301076,1909f56bfc062723c751e8b465ee728b)  -> (artifact id: 'e7934cbbb8ad56c76147845e507bd548') in 0.446852 seconds 
========================================================================
Received Import Request.
  Time since last request: 3.584983 seconds.
  path: Assets/pong/efekan/sliders
  artifactKey: Guid(96891c3946c9cca4f831fd1b317e791e) Importer(815301076,1909f56bfc062723c751e8b465ee728b)
Start importing Assets/pong/efekan/sliders using Guid(96891c3946c9cca4f831fd1b317e791e) Importer(815301076,1909f56bfc062723c751e8b465ee728b)  -> (artifact id: '0b235e4fd05cb1537c0673fe8862c477') in 0.060805 seconds 
========================================================================
Received Import Request.
  Time since last request: 0.071153 seconds.
  path: Assets/pong/efekan/sliders/slider 2-export.png
  artifactKey: Guid(fd47403223bd72546b5e4b8a08e9cff5) Importer(815301076,1909f56bfc062723c751e8b465ee728b)
Start importing Assets/pong/efekan/sliders/slider 2-export.png using Guid(fd47403223bd72546b5e4b8a08e9cff5) Importer(815301076,1909f56bfc062723c751e8b465ee728b)  -> (artifact id: 'd71d5b8894e4b40e991651b762591b14') in 0.246476 seconds 
========================================================================
Received Import Request.
  Time since last request: 0.000139 seconds.
  path: Assets/pong/efekan/sliders/slider 3.png
  artifactKey: Guid(63a16da2989740b4db15ea0d3c3f666f) Importer(815301076,1909f56bfc062723c751e8b465ee728b)
Start importing Assets/pong/efekan/sliders/slider 3.png using Guid(63a16da2989740b4db15ea0d3c3f666f) Importer(815301076,1909f56bfc062723c751e8b465ee728b)  -> (artifact id: '3fc6fb9d926c2622d00bd3fcd808c9c3') in 0.532496 seconds 
Editor requested this worker to shutdown with reason: Scaling down because of idle timeout
AssetImportWorkerClient::OnTransportError - code=2 error=End of file
AssetImportWorker is now disconnected from the server
Process exiting
Exiting without the bug reporter. Application will terminate with return code 0